<?xml version="1.0" encoding="UTF-8"?>
<!-- Generated by org.testng.reporters.JUnitXMLReporter -->
<testsuite hostname="NadiruzamansMBP.fios-router.home" ignored="0" name="/Users/nadiruzzamanmuhammad/Documents/SeleniumForEverestTeam" tests="2" failures="0" timestamp="2022-03-19T09:48:07 EDT" time="7.948" errors="0">
  <testcase name="verifyLoginTestWithInvalidPassword" time="2.19" classname="account.AccountForm"/>
  <testcase name="verifyCreateEmailEccepted" time="0.102" classname="account.AccountForm"/>
</testsuite> <!-- /Users/nadiruzzamanmuhammad/Documents/SeleniumForEverestTeam -->
