<?xml version="1.0" encoding="UTF-8"?>
<!-- Generated by org.testng.reporters.JUnitXMLReporter -->
<testsuite hostname="Nadiruzzamans-MacBook-Pro.local" ignored="0" name="/Users/nadiruzzamanmuhammad/Documents/SeleniumForEverestTeam" tests="2" failures="0" timestamp="2022-04-23T08:25:19 EDT" time="15.579" errors="0">
  <testcase name="verifyLoginTestWithInvalidPassword" time="6.045" classname="account.AccountForm"/>
  <testcase name="verifyCreateEmailEccepted" time="0.072" classname="account.AccountForm"/>
</testsuite> <!-- /Users/nadiruzzamanmuhammad/Documents/SeleniumForEverestTeam -->
