<?xml version="1.0" encoding="UTF-8"?>
<testng-results skipped="0" failed="0" ignored="0" total="4" passed="4">
  <reporter-output>
  </reporter-output>
  <suite name="All Test Suite" duration-ms="21197" started-at="2022-05-07T08:55:56 EDT" finished-at="2022-05-07T08:56:17 EDT">
    <groups>
    </groups>
    <test name="TestWith firefox browser" duration-ms="13358" started-at="2022-05-07T08:55:56 EDT" finished-at="2022-05-07T08:56:09 EDT">
      <class name="account.AccountForm">
        <test-method status="PASS" signature="beforeTest(java.lang.String)[pri:0, instance:account.AccountForm@57536d79]" name="beforeTest" is-config="true" duration-ms="7745" started-at="2022-05-07T08:55:56 EDT" finished-at="2022-05-07T08:56:04 EDT">
          <params>
            <param index="0">
              <value>
                <![CDATA[firefox]]>
              </value>
            </param>
          </params>
          <reporter-output>
          </reporter-output>
        </test-method> <!-- beforeTest -->
        <test-method status="PASS" signature="verifyLoginTestWithInvalidPassword()[pri:0, instance:account.AccountForm@57536d79]" name="verifyLoginTestWithInvalidPassword" duration-ms="4397" started-at="2022-05-07T08:56:04 EDT" finished-at="2022-05-07T08:56:08 EDT">
          <reporter-output>
          </reporter-output>
        </test-method> <!-- verifyLoginTestWithInvalidPassword -->
        <test-method status="PASS" signature="verifyCreateEmailEccepted()[pri:0, instance:account.AccountForm@57536d79]" name="verifyCreateEmailEccepted" duration-ms="79" started-at="2022-05-07T08:56:08 EDT" finished-at="2022-05-07T08:56:09 EDT">
          <reporter-output>
          </reporter-output>
        </test-method> <!-- verifyCreateEmailEccepted -->
        <test-method status="PASS" signature="afterTest()[pri:0, instance:account.AccountForm@57536d79]" name="afterTest" is-config="true" duration-ms="699" started-at="2022-05-07T08:56:09 EDT" finished-at="2022-05-07T08:56:09 EDT">
          <reporter-output>
          </reporter-output>
        </test-method> <!-- afterTest -->
      </class> <!-- account.AccountForm -->
    </test> <!-- TestWith firefox browser -->
    <test name="Test with Chrome Browser" duration-ms="7822" started-at="2022-05-07T08:56:09 EDT" finished-at="2022-05-07T08:56:17 EDT">
      <class name="account.AccountForm">
        <test-method status="PASS" signature="beforeTest(java.lang.String)[pri:0, instance:account.AccountForm@35d176f7]" name="beforeTest" is-config="true" duration-ms="4249" started-at="2022-05-07T08:56:09 EDT" finished-at="2022-05-07T08:56:14 EDT">
          <params>
            <param index="0">
              <value>
                <![CDATA[chrome]]>
              </value>
            </param>
          </params>
          <reporter-output>
          </reporter-output>
        </test-method> <!-- beforeTest -->
        <test-method status="PASS" signature="verifyLoginTestWithInvalidPassword()[pri:0, instance:account.AccountForm@35d176f7]" name="verifyLoginTestWithInvalidPassword" duration-ms="2578" started-at="2022-05-07T08:56:14 EDT" finished-at="2022-05-07T08:56:16 EDT">
          <reporter-output>
          </reporter-output>
        </test-method> <!-- verifyLoginTestWithInvalidPassword -->
        <test-method status="PASS" signature="verifyCreateEmailEccepted()[pri:0, instance:account.AccountForm@35d176f7]" name="verifyCreateEmailEccepted" duration-ms="124" started-at="2022-05-07T08:56:17 EDT" finished-at="2022-05-07T08:56:17 EDT">
          <reporter-output>
          </reporter-output>
        </test-method> <!-- verifyCreateEmailEccepted -->
        <test-method status="PASS" signature="afterTest()[pri:0, instance:account.AccountForm@35d176f7]" name="afterTest" is-config="true" duration-ms="163" started-at="2022-05-07T08:56:17 EDT" finished-at="2022-05-07T08:56:17 EDT">
          <reporter-output>
          </reporter-output>
        </test-method> <!-- afterTest -->
      </class> <!-- account.AccountForm -->
    </test> <!-- Test with Chrome Browser -->
  </suite> <!-- All Test Suite -->
</testng-results>
