<?xml version="1.0" encoding="UTF-8"?>
<testng-results skipped="0" failed="0" ignored="0" total="2" passed="2">
  <reporter-output>
  </reporter-output>
  <suite name="All Test Suite" duration-ms="7948" started-at="2022-03-19T09:47:59 EDT" finished-at="2022-03-19T09:48:07 EDT">
    <groups>
    </groups>
    <test name="/Users/nadiruzzamanmuhammad/Documents/SeleniumForEverestTeam" duration-ms="7948" started-at="2022-03-19T09:47:59 EDT" finished-at="2022-03-19T09:48:07 EDT">
      <class name="account.AccountForm">
        <test-method status="PASS" signature="ChromeWithoutDriver()[pri:0, instance:account.AccountForm@49993335]" name="ChromeWithoutDriver" is-config="true" duration-ms="5582" started-at="2022-03-19T09:47:59 EDT" finished-at="2022-03-19T09:48:05 EDT">
          <reporter-output>
          </reporter-output>
        </test-method> <!-- ChromeWithoutDriver -->
        <test-method status="PASS" signature="verifyLoginTestWithInvalidPassword()[pri:0, instance:account.AccountForm@49993335]" name="verifyLoginTestWithInvalidPassword" duration-ms="2190" started-at="2022-03-19T09:48:05 EDT" finished-at="2022-03-19T09:48:07 EDT">
          <reporter-output>
          </reporter-output>
        </test-method> <!-- verifyLoginTestWithInvalidPassword -->
        <test-method status="PASS" signature="verifyCreateEmailEccepted()[pri:0, instance:account.AccountForm@49993335]" name="verifyCreateEmailEccepted" duration-ms="102" started-at="2022-03-19T09:48:07 EDT" finished-at="2022-03-19T09:48:07 EDT">
          <reporter-output>
          </reporter-output>
        </test-method> <!-- verifyCreateEmailEccepted -->
        <test-method status="PASS" signature="afterTest()[pri:0, instance:account.AccountForm@49993335]" name="afterTest" is-config="true" duration-ms="1" started-at="2022-03-19T09:48:07 EDT" finished-at="2022-03-19T09:48:07 EDT">
          <reporter-output>
          </reporter-output>
        </test-method> <!-- afterTest -->
      </class> <!-- account.AccountForm -->
    </test> <!-- /Users/nadiruzzamanmuhammad/Documents/SeleniumForEverestTeam -->
  </suite> <!-- All Test Suite -->
</testng-results>
